#
# There is insufficient memory for the Java Runtime Environment to continue.
# Native memory allocation (malloc) failed to allocate 605776 bytes for Chunk::new
# Possible reasons:
#   The system is out of physical RAM or swap space
#   The process is running with CompressedOops enabled, and the Java Heap may be blocking the growth of the native heap
# Possible solutions:
#   Reduce memory load on the system
#   Increase physical memory or swap space
#   Check if swap backing store is full
#   Decrease Java heap size (-Xmx/-Xms)
#   Decrease number of Java threads
#   Decrease Java thread stack sizes (-Xss)
#   Set larger code cache with -XX:ReservedCodeCacheSize=
#   JVM is running with Unscaled Compressed Oops mode in which the Java heap is
#     placed in the first 4GB address space. The Java Heap base address is the
#     maximum limit for the native heap growth. Please use -XX:HeapBaseMinAddress
#     to set the Java Heap base and to place the Java Heap above 4GB virtual address.
# This output file may be truncated or incomplete.
#
#  Out of Memory Error (arena.cpp:189), pid=15836, tid=16908
#
# JRE version: OpenJDK Runtime Environment Temurin-17.0.8.1+1 (17.0.8.1+1) (build 17.0.8.1+1)
# Java VM: OpenJDK 64-Bit Server VM Temurin-17.0.8.1+1 (17.0.8.1+1, mixed mode, tiered, compressed oops, compressed class ptrs, parallel gc, windows-amd64)
# No core dump will be written. Minidumps are not enabled by default on client versions of Windows
#

---------------  S U M M A R Y ------------

Command Line: --add-modules=ALL-SYSTEM --add-opens=java.base/java.util=ALL-UNNAMED --add-opens=java.base/java.lang=ALL-UNNAMED --add-opens=java.base/sun.nio.fs=ALL-UNNAMED -Declipse.application=org.eclipse.jdt.ls.core.id1 -Dosgi.bundles.defaultStartLevel=4 -Declipse.product=org.eclipse.jdt.ls.core.product -Djava.import.generatesMetadataFilesAtProjectRoot=false -Dfile.encoding=utf8 -XX:+UseParallelGC -XX:GCTimeRatio=4 -XX:AdaptiveSizePolicyWeight=90 -Dsun.zip.disableMemoryMapping=true -Xmx1G -Xms100m -Xlog:disable -javaagent:c:\Users\delic\.vscode\extensions\redhat.java-1.22.1-win32-x64\lombok\lombok-1.18.28.jar c:\Users\delic\.vscode\extensions\redhat.java-1.22.1-win32-x64\server\plugins\org.eclipse.equinox.launcher_1.6.500.v20230717-2134.jar -configuration c:\Users\delic\AppData\Roaming\Code\User\globalStorage\redhat.java\1.22.1\config_ss_win -data c:\Users\delic\AppData\Roaming\Code\User\workspaceStorage\736c57933201ec24a5fd78fbe8f4d4ee\redhat.java\ss_ws

Host: Intel(R) Core(TM) i5-7200U CPU @ 2.50GHz, 4 cores, 7G,  Windows 10 , 64 bit Build 19041 (10.0.19041.3393)
Time: Thu Sep 21 09:44:48 2023 Hora oficial do Brasil elapsed time: 3.860987 seconds (0d 0h 0m 3s)

---------------  T H R E A D  ---------------

Current thread (0x00000201f330e0d0):  JavaThread "C2 CompilerThread0" daemon [_thread_in_native, id=16908, stack(0x0000003ab9d00000,0x0000003ab9e00000)]


Current CompileTask:
C2:   3861 1395       4       java.io.WinNTFileSystem::normalize (143 bytes)

Stack: [0x0000003ab9d00000,0x0000003ab9e00000]
Native frames: (J=compiled Java code, j=interpreted, Vv=VM code, C=native code)
V  [jvm.dll+0x678b0a]
V  [jvm.dll+0x835e84]
V  [jvm.dll+0x83762e]
V  [jvm.dll+0x837c93]
V  [jvm.dll+0x24746f]
V  [jvm.dll+0xac20c]
V  [jvm.dll+0xac7dc]
V  [jvm.dll+0x365c52]
V  [jvm.dll+0x3301a1]
V  [jvm.dll+0x32f64a]
V  [jvm.dll+0x219bf1]
V  [jvm.dll+0x219011]
V  [jvm.dll+0x1a534d]
V  [jvm.dll+0x228d8a]
V  [jvm.dll+0x226dcc]
V  [jvm.dll+0x7ec09b]
V  [jvm.dll+0x7e64ca]
V  [jvm.dll+0x677955]
C  [ucrtbase.dll+0x21bb2]
C  [KERNEL32.DLL+0x17344]
C  [ntdll.dll+0x526b1]


---------------  P R O C E S S  ---------------

Threads class SMR info:
_java_thread_list=0x00000201f9027bc0, length=18, elements={
0x00000201df4d0e90, 0x00000201f32eca00, 0x00000201f32ee1b0, 0x00000201f330a130,
0x00000201f330aec0, 0x00000201f330cb00, 0x00000201f330d4d0, 0x00000201f330e0d0,
0x00000201f84f4c80, 0x00000201f84f7950, 0x00000201f8571350, 0x00000201f8659350,
0x00000201f8e880c0, 0x00000201f91f1ee0, 0x00000201f91f2c90, 0x00000201f921e180,
0x00000201f92497c0, 0x00000201dd245d00
}

Java Threads: ( => current thread )
  0x00000201df4d0e90 JavaThread "main" [_thread_blocked, id=7484, stack(0x0000003ab9400000,0x0000003ab9500000)]
  0x00000201f32eca00 JavaThread "Reference Handler" daemon [_thread_blocked, id=11020, stack(0x0000003ab9700000,0x0000003ab9800000)]
  0x00000201f32ee1b0 JavaThread "Finalizer" daemon [_thread_blocked, id=6268, stack(0x0000003ab9800000,0x0000003ab9900000)]
  0x00000201f330a130 JavaThread "Signal Dispatcher" daemon [_thread_blocked, id=4116, stack(0x0000003ab9900000,0x0000003ab9a00000)]
  0x00000201f330aec0 JavaThread "Attach Listener" daemon [_thread_blocked, id=2716, stack(0x0000003ab9a00000,0x0000003ab9b00000)]
  0x00000201f330cb00 JavaThread "Service Thread" daemon [_thread_blocked, id=5680, stack(0x0000003ab9b00000,0x0000003ab9c00000)]
  0x00000201f330d4d0 JavaThread "Monitor Deflation Thread" daemon [_thread_blocked, id=7888, stack(0x0000003ab9c00000,0x0000003ab9d00000)]
=>0x00000201f330e0d0 JavaThread "C2 CompilerThread0" daemon [_thread_in_native, id=16908, stack(0x0000003ab9d00000,0x0000003ab9e00000)]
  0x00000201f84f4c80 JavaThread "C1 CompilerThread0" daemon [_thread_blocked, id=9628, stack(0x0000003ab9e00000,0x0000003ab9f00000)]
  0x00000201f84f7950 JavaThread "Sweeper thread" daemon [_thread_blocked, id=10928, stack(0x0000003ab9f00000,0x0000003aba000000)]
  0x00000201f8571350 JavaThread "Common-Cleaner" daemon [_thread_blocked, id=13832, stack(0x0000003aba000000,0x0000003aba100000)]
  0x00000201f8659350 JavaThread "Notification Thread" daemon [_thread_blocked, id=2372, stack(0x0000003aba100000,0x0000003aba200000)]
  0x00000201f8e880c0 JavaThread "Active Thread: Equinox Container: 289ac68d-be92-4f53-becb-47772be1cb26" [_thread_blocked, id=8164, stack(0x0000003aba600000,0x0000003aba700000)]
  0x00000201f91f1ee0 JavaThread "Framework Event Dispatcher: Equinox Container: 289ac68d-be92-4f53-becb-47772be1cb26" daemon [_thread_blocked, id=18496, stack(0x0000003aba800000,0x0000003aba900000)]
  0x00000201f91f2c90 JavaThread "Start Level: Equinox Container: 289ac68d-be92-4f53-becb-47772be1cb26" daemon [_thread_in_native, id=19284, stack(0x0000003aba900000,0x0000003abaa00000)]
  0x00000201f921e180 JavaThread "SCR Component Actor" daemon [_thread_blocked, id=12276, stack(0x0000003abaa00000,0x0000003abab00000)]
  0x00000201f92497c0 JavaThread "SCR Component Registry" daemon [_thread_blocked, id=17240, stack(0x0000003abab00000,0x0000003abac00000)]
  0x00000201dd245d00 JavaThread "Worker-JM" [_thread_blocked, id=17032, stack(0x0000003abac00000,0x0000003abad00000)]

Other Threads:
  0x00000201f32d56a0 VMThread "VM Thread" [stack: 0x0000003ab9600000,0x0000003ab9700000] [id=7332]
  0x00000201f874d6a0 WatcherThread [stack: 0x0000003aba200000,0x0000003aba300000] [id=16208]
  0x00000201df4e5590 GCTaskThread "GC Thread#0" [stack: 0x0000003ab9500000,0x0000003ab9600000] [id=5408]
  0x00000201f8f49030 GCTaskThread "GC Thread#1" [stack: 0x0000003aba300000,0x0000003aba400000] [id=16024]
  0x00000201f8f492f0 GCTaskThread "GC Thread#2" [stack: 0x0000003aba400000,0x0000003aba500000] [id=15640]
  0x00000201f8f51600 GCTaskThread "GC Thread#3" [stack: 0x0000003aba500000,0x0000003aba600000] [id=18148]

Threads with active compile tasks:
C2 CompilerThread0     4849 1395       4       java.io.WinNTFileSystem::normalize (143 bytes)

VM state: not at safepoint (normal execution)

VM Mutex/Monitor currently owned by a thread: None

Heap address: 0x00000000c0000000, size: 1024 MB, Compressed Oops mode: 32-bit

CDS archive(s) not mapped
Compressed class space mapped at: 0x0000000100000000-0x0000000140000000, reserved size: 1073741824
Narrow klass base: 0x0000000000000000, Narrow klass shift: 3, Narrow klass range: 0x140000000

GC Precious Log:
 CPUs: 4 total, 4 available
 Memory: 8066M
 Large Page Support: Disabled
 NUMA Support: Disabled
 Compressed Oops: Enabled (32-bit)
 Alignments: Space 512K, Generation 512K, Heap 2M
 Heap Min Capacity: 100M
 Heap Initial Capacity: 100M
 Heap Max Capacity: 1G
 Pre-touch: Disabled
 Parallel Workers: 4

Heap:
 PSYoungGen      total 29696K, used 22234K [0x00000000eab00000, 0x00000000ecc00000, 0x0000000100000000)
  eden space 25600K, 70% used [0x00000000eab00000,0x00000000ebcb9af8,0x00000000ec400000)
  from space 4096K, 99% used [0x00000000ec800000,0x00000000ecbfcd20,0x00000000ecc00000)
  to   space 4096K, 0% used [0x00000000ec400000,0x00000000ec400000,0x00000000ec800000)
 ParOldGen       total 68608K, used 836K [0x00000000c0000000, 0x00000000c4300000, 0x00000000eab00000)
  object space 68608K, 1% used [0x00000000c0000000,0x00000000c00d1370,0x00000000c4300000)
 Metaspace       used 19057K, committed 19456K, reserved 1114112K
  class space    used 1953K, committed 2112K, reserved 1048576K

Card table byte_map: [0x00000201dee60000,0x00000201df070000] _byte_map_base: 0x00000201de860000

Marking Bits: (ParMarkBitMap*) 0x00007ff868ff83a0
 Begin Bits: [0x00000201f1110000, 0x00000201f2110000)
 End Bits:   [0x00000201f2110000, 0x00000201f3110000)

Polling page: 0x00000201dec50000

Metaspace:

Usage:
  Non-class:     16.70 MB used.
      Class:      1.91 MB used.
       Both:     18.61 MB used.

Virtual space:
  Non-class space:       64.00 MB reserved,      16.94 MB ( 26%) committed,  1 nodes.
      Class space:        1.00 GB reserved,       2.06 MB ( <1%) committed,  1 nodes.
             Both:        1.06 GB reserved,      19.00 MB (  2%) committed. 

Chunk freelists:
   Non-Class:  14.17 MB
       Class:  13.90 MB
        Both:  28.07 MB

MaxMetaspaceSize: unlimited
CompressedClassSpaceSize: 1.00 GB
Initial GC threshold: 21.00 MB
Current GC threshold: 21.00 MB
CDS: off
MetaspaceReclaimPolicy: balanced
 - commit_granule_bytes: 65536.
 - commit_granule_words: 8192.
 - virtual_space_node_default_size: 8388608.
 - enlarge_chunks_in_place: 1.
 - new_chunks_are_fully_committed: 0.
 - uncommit_free_chunks: 1.
 - use_allocation_guard: 0.
 - handle_deallocations: 1.


Internal statistics:

num_allocs_failed_limit: 0.
num_arena_births: 190.
num_arena_deaths: 0.
num_vsnodes_births: 2.
num_vsnodes_deaths: 0.
num_space_committed: 304.
num_space_uncommitted: 0.
num_chunks_returned_to_freelist: 0.
num_chunks_taken_from_freelist: 590.
num_chunk_merges: 0.
num_chunk_splits: 382.
num_chunks_enlarged: 260.
num_inconsistent_stats: 0.

CodeHeap 'non-profiled nmethods': size=120000Kb used=701Kb max_used=701Kb free=119298Kb
 bounds [0x00000201e9be0000, 0x00000201e9e50000, 0x00000201f1110000]
CodeHeap 'profiled nmethods': size=120000Kb used=3727Kb max_used=3727Kb free=116273Kb
 bounds [0x00000201e2110000, 0x00000201e24c0000, 0x00000201e9640000]
CodeHeap 'non-nmethods': size=5760Kb used=1181Kb max_used=1197Kb free=4578Kb
 bounds [0x00000201e9640000, 0x00000201e98b0000, 0x00000201e9be0000]
 total_blobs=2445 nmethods=1966 adapters=393
 compilation: enabled
              stopped_count=0, restarted_count=0
 full_count=0

Compilation events (20 events):
Event: 3.714 Thread 0x00000201f84f4c80 nmethod 1394 0x00000201e238cc90 code [0x00000201e238ce20, 0x00000201e238cf48]
Event: 3.719 Thread 0x00000201f330e0d0 1395       4       java.io.WinNTFileSystem::normalize (143 bytes)
Event: 3.719 Thread 0x00000201f84f4c80 1396       3       java.lang.AbstractStringBuilder::checkRange (63 bytes)
Event: 3.720 Thread 0x00000201f84f4c80 nmethod 1396 0x00000201e238d010 code [0x00000201e238d2a0, 0x00000201e238dbd8]
Event: 3.720 Thread 0x00000201f84f4c80 1398       3       org.eclipse.osgi.framework.util.SecureAction::getProperty (31 bytes)
Event: 3.720 Thread 0x00000201f84f4c80 nmethod 1398 0x00000201e238df90 code [0x00000201e238e220, 0x00000201e238ec98]
Event: 3.721 Thread 0x00000201f84f4c80 1399       3       org.eclipse.osgi.internal.framework.EquinoxConfiguration$ConfigValues::internalGet (24 bytes)
Event: 3.722 Thread 0x00000201f84f4c80 nmethod 1399 0x00000201e238f010 code [0x00000201e238f2c0, 0x00000201e238fee8]
Event: 3.750 Thread 0x00000201f84f4c80 1401       3       java.util.Collections::emptyIterator (4 bytes)
Event: 3.751 Thread 0x00000201f84f4c80 nmethod 1401 0x00000201e2390310 code [0x00000201e23904a0, 0x00000201e2390598]
Event: 3.758 Thread 0x00000201f84f4c80 1402       3       java.net.URL::<init> (438 bytes)
Event: 3.764 Thread 0x00000201f84f4c80 nmethod 1402 0x00000201e2390610 code [0x00000201e2390dc0, 0x00000201e2394ba8]
Event: 3.764 Thread 0x00000201f84f4c80 1403       3       java.io.File::isAbsolute (8 bytes)
Event: 3.764 Thread 0x00000201f84f4c80 nmethod 1403 0x00000201e2396190 code [0x00000201e2396340, 0x00000201e23964a8]
Event: 3.764 Thread 0x00000201f84f4c80 1404       3       java.io.WinNTFileSystem::isAbsolute (36 bytes)
Event: 3.765 Thread 0x00000201f84f4c80 nmethod 1404 0x00000201e2396590 code [0x00000201e23967a0, 0x00000201e2396e38]
Event: 3.768 Thread 0x00000201f84f4c80 1406       3       java.io.File::slashify (84 bytes)
Event: 3.769 Thread 0x00000201f84f4c80 nmethod 1406 0x00000201e2397110 code [0x00000201e2397420, 0x00000201e23982a8]
Event: 3.773 Thread 0x00000201f84f4c80 1407       3       sun.net.util.IPAddressUtil::scan (62 bytes)
Event: 3.774 Thread 0x00000201f84f4c80 nmethod 1407 0x00000201e2398810 code [0x00000201e2398a40, 0x00000201e2399328]

GC Heap History (2 events):
Event: 2.458 GC heap before
{Heap before GC invocations=1 (full 0):
 PSYoungGen      total 29696K, used 25600K [0x00000000eab00000, 0x00000000ecc00000, 0x0000000100000000)
  eden space 25600K, 100% used [0x00000000eab00000,0x00000000ec400000,0x00000000ec400000)
  from space 4096K, 0% used [0x00000000ec800000,0x00000000ec800000,0x00000000ecc00000)
  to   space 4096K, 0% used [0x00000000ec400000,0x00000000ec400000,0x00000000ec800000)
 ParOldGen       total 68608K, used 0K [0x00000000c0000000, 0x00000000c4300000, 0x00000000eab00000)
  object space 68608K, 0% used [0x00000000c0000000,0x00000000c0000000,0x00000000c4300000)
 Metaspace       used 11249K, committed 11392K, reserved 1114112K
  class space    used 1127K, committed 1216K, reserved 1048576K
}
Event: 2.477 GC heap after
{Heap after GC invocations=1 (full 0):
 PSYoungGen      total 29696K, used 3177K [0x00000000eab00000, 0x00000000ecc00000, 0x0000000100000000)
  eden space 25600K, 0% used [0x00000000eab00000,0x00000000eab00000,0x00000000ec400000)
  from space 4096K, 77% used [0x00000000ec400000,0x00000000ec71a490,0x00000000ec800000)
  to   space 4096K, 0% used [0x00000000ec800000,0x00000000ec800000,0x00000000ecc00000)
 ParOldGen       total 68608K, used 0K [0x00000000c0000000, 0x00000000c4300000, 0x00000000eab00000)
  object space 68608K, 0% used [0x00000000c0000000,0x00000000c0000000,0x00000000c4300000)
 Metaspace       used 11249K, committed 11392K, reserved 1114112K
  class space    used 1127K, committed 1216K, reserved 1048576K
}

Dll operation events (8 events):
Event: 0.013 Loaded shared library c:\Users\delic\.vscode\extensions\redhat.java-1.22.1-win32-x64\jre\17.0.8.1-win32-x86_64\bin\java.dll
Event: 0.505 Loaded shared library c:\Users\delic\.vscode\extensions\redhat.java-1.22.1-win32-x64\jre\17.0.8.1-win32-x86_64\bin\zip.dll
Event: 0.509 Loaded shared library C:\Users\delic\.vscode\extensions\redhat.java-1.22.1-win32-x64\jre\17.0.8.1-win32-x86_64\bin\instrument.dll
Event: 0.530 Loaded shared library C:\Users\delic\.vscode\extensions\redhat.java-1.22.1-win32-x64\jre\17.0.8.1-win32-x86_64\bin\net.dll
Event: 0.533 Loaded shared library C:\Users\delic\.vscode\extensions\redhat.java-1.22.1-win32-x64\jre\17.0.8.1-win32-x86_64\bin\nio.dll
Event: 0.552 Loaded shared library C:\Users\delic\.vscode\extensions\redhat.java-1.22.1-win32-x64\jre\17.0.8.1-win32-x86_64\bin\zip.dll
Event: 0.579 Loaded shared library C:\Users\delic\.vscode\extensions\redhat.java-1.22.1-win32-x64\jre\17.0.8.1-win32-x86_64\bin\jimage.dll
Event: 0.690 Loaded shared library c:\Users\delic\.vscode\extensions\redhat.java-1.22.1-win32-x64\jre\17.0.8.1-win32-x86_64\bin\verify.dll

Deoptimization events (20 events):
Event: 2.191 Thread 0x00000201df4d0e90 DEOPT PACKING pc=0x00000201e9c196dc sp=0x0000003ab94fe4a0
Event: 2.191 Thread 0x00000201df4d0e90 DEOPT UNPACKING pc=0x00000201e96966a3 sp=0x0000003ab94fe3e8 mode 2
Event: 2.191 Thread 0x00000201df4d0e90 Uncommon trap: trap_request=0xffffff45 fr.pc=0x00000201e9c33f98 relative=0x0000000000000098
Event: 2.191 Thread 0x00000201df4d0e90 Uncommon trap: reason=unstable_if action=reinterpret pc=0x00000201e9c33f98 method=java.util.HashMap.hash(Ljava/lang/Object;)I @ 1 c2
Event: 2.191 Thread 0x00000201df4d0e90 DEOPT PACKING pc=0x00000201e9c33f98 sp=0x0000003ab94fe350
Event: 2.191 Thread 0x00000201df4d0e90 DEOPT UNPACKING pc=0x00000201e96966a3 sp=0x0000003ab94fe2e8 mode 2
Event: 2.662 Thread 0x00000201df4d0e90 Uncommon trap: trap_request=0xffffff45 fr.pc=0x00000201e9c17bd8 relative=0x0000000000000cb8
Event: 2.662 Thread 0x00000201df4d0e90 Uncommon trap: reason=unstable_if action=reinterpret pc=0x00000201e9c17bd8 method=lombok.patcher.PatchScript.classMatches(Ljava/lang/String;Ljava/util/Collection;)Z @ 25 c2
Event: 2.662 Thread 0x00000201df4d0e90 DEOPT PACKING pc=0x00000201e9c17bd8 sp=0x0000003ab94f8620
Event: 2.662 Thread 0x00000201df4d0e90 DEOPT UNPACKING pc=0x00000201e96966a3 sp=0x0000003ab94f8588 mode 2
Event: 3.455 Thread 0x00000201df4d0e90 Uncommon trap: trap_request=0xffffffde fr.pc=0x00000201e9c4c528 relative=0x0000000000000968
Event: 3.455 Thread 0x00000201df4d0e90 Uncommon trap: reason=class_check action=maybe_recompile pc=0x00000201e9c4c528 method=java.util.HashMap.putVal(ILjava/lang/Object;Ljava/lang/Object;ZZ)Ljava/lang/Object; @ 253 c2
Event: 3.455 Thread 0x00000201df4d0e90 DEOPT PACKING pc=0x00000201e9c4c528 sp=0x0000003ab94fdf40
Event: 3.455 Thread 0x00000201df4d0e90 DEOPT UNPACKING pc=0x00000201e96966a3 sp=0x0000003ab94fdec0 mode 2
Event: 3.458 Thread 0x00000201df4d0e90 Uncommon trap: trap_request=0xffffffde fr.pc=0x00000201e9c4c528 relative=0x0000000000000968
Event: 3.458 Thread 0x00000201df4d0e90 Uncommon trap: reason=class_check action=maybe_recompile pc=0x00000201e9c4c528 method=java.util.HashMap.putVal(ILjava/lang/Object;Ljava/lang/Object;ZZ)Ljava/lang/Object; @ 253 c2
Event: 3.458 Thread 0x00000201df4d0e90 DEOPT PACKING pc=0x00000201e9c4c528 sp=0x0000003ab94fdf40
Event: 3.458 Thread 0x00000201df4d0e90 DEOPT UNPACKING pc=0x00000201e96966a3 sp=0x0000003ab94fdec0 mode 2
Event: 3.625 Thread 0x00000201df4d0e90 DEOPT PACKING pc=0x00000201e221e9e1 sp=0x0000003ab94fc940
Event: 3.625 Thread 0x00000201df4d0e90 DEOPT UNPACKING pc=0x00000201e9696e43 sp=0x0000003ab94fbdc8 mode 0

Classes unloaded (0 events):
No events

Classes redefined (0 events):
No events

Internal exceptions (20 events):
Event: 1.458 Thread 0x00000201df4d0e90 Exception <a 'java/io/FileNotFoundException'{0x00000000eb7aec10}> (0x00000000eb7aec10) 
thrown [s\src\hotspot\share\prims\jni.cpp, line 516]
Event: 1.464 Thread 0x00000201df4d0e90 Implicit null exception at 0x00000201e9c02df2 to 0x00000201e9c03340
Event: 1.464 Thread 0x00000201df4d0e90 Implicit null exception at 0x00000201e9c05bf2 to 0x00000201e9c06154
Event: 1.467 Thread 0x00000201df4d0e90 Exception <a 'java/io/FileNotFoundException'{0x00000000eb7e7ab0}> (0x00000000eb7e7ab0) 
thrown [s\src\hotspot\share\prims\jni.cpp, line 516]
Event: 2.016 Thread 0x00000201df4d0e90 Exception <a 'java/lang/ClassNotFoundException'{0x00000000ebfeaf48}: sun/net/www/protocol/c/Handler> (0x00000000ebfeaf48) 
thrown [s\src\hotspot\share\classfile\systemDictionary.cpp, line 256]
Event: 2.017 Thread 0x00000201df4d0e90 Exception <a 'java/lang/ClassNotFoundException'{0x00000000ebfec2a0}: sun/net/www/protocol/c/Handler> (0x00000000ebfec2a0) 
thrown [s\src\hotspot\share\classfile\systemDictionary.cpp, line 256]
Event: 2.017 Thread 0x00000201df4d0e90 Exception <a 'java/lang/ClassNotFoundException'{0x00000000ebfed440}: sun/net/www/protocol/c/Handler> (0x00000000ebfed440) 
thrown [s\src\hotspot\share\classfile\systemDictionary.cpp, line 256]
Event: 2.099 Thread 0x00000201df4d0e90 Exception <a 'java/io/FileNotFoundException'{0x00000000ec00c230}> (0x00000000ec00c230) 
thrown [s\src\hotspot\share\prims\jni.cpp, line 516]
Event: 2.191 Thread 0x00000201df4d0e90 Implicit null exception at 0x00000201e9c34600 to 0x00000201e9c35070
Event: 2.191 Thread 0x00000201df4d0e90 Implicit null exception at 0x00000201e9c2d0ec to 0x00000201e9c2d2e8
Event: 2.191 Thread 0x00000201df4d0e90 Implicit null exception at 0x00000201e9c2270e to 0x00000201e9c22968
Event: 2.191 Thread 0x00000201df4d0e90 Implicit null exception at 0x00000201e9c33f0f to 0x00000201e9c33f89
Event: 2.338 Thread 0x00000201df4d0e90 Exception <a 'java/lang/NoSuchMethodError'{0x00000000ec2d7618}: 'int java.lang.invoke.DirectMethodHandle$Holder.invokeStaticInit(java.lang.Object, java.lang.Object, java.lang.Object, java.lang.Object)'> (0x00000000ec2d7618) 
thrown [s\src\hotspot\share\interpreter\linkResolver.cpp, line 759]
Event: 2.340 Thread 0x00000201df4d0e90 Exception <a 'java/lang/NoSuchMethodError'{0x00000000ec2e1c88}: 'java.lang.Object java.lang.invoke.DirectMethodHandle$Holder.invokeInterface(java.lang.Object, java.lang.Object)'> (0x00000000ec2e1c88) 
thrown [s\src\hotspot\share\interpreter\linkResolver.cpp, line 759]
Event: 2.340 Thread 0x00000201df4d0e90 Exception <a 'java/lang/IncompatibleClassChangeError'{0x00000000ec2e5480}: Found class java.lang.Object, but interface was expected> (0x00000000ec2e5480) 
thrown [s\src\hotspot\share\interpreter\linkResolver.cpp, line 826]
Event: 2.341 Thread 0x00000201df4d0e90 Exception <a 'java/lang/NoSuchMethodError'{0x00000000ec2e9978}: 'void java.lang.invoke.DirectMethodHandle$Holder.invokeStatic(java.lang.Object, java.lang.Object)'> (0x00000000ec2e9978) 
thrown [s\src\hotspot\share\interpreter\linkResolver.cpp, line 759]
Event: 2.342 Thread 0x00000201df4d0e90 Exception <a 'java/lang/NoSuchMethodError'{0x00000000ec2ed178}: 'void java.lang.invoke.DirectMethodHandle$Holder.invokeStaticInit(java.lang.Object, java.lang.Object)'> (0x00000000ec2ed178) 
thrown [s\src\hotspot\share\interpreter\linkResolver.cpp, line 759]
Event: 2.343 Thread 0x00000201df4d0e90 Exception <a 'java/lang/NoSuchMethodError'{0x00000000ec2f4710}: 'int java.lang.invoke.DirectMethodHandle$Holder.invokeStaticInit(java.lang.Object, java.lang.Object)'> (0x00000000ec2f4710) 
thrown [s\src\hotspot\share\interpreter\linkResolver.cpp, line 759]
Event: 2.501 Thread 0x00000201df4d0e90 Exception <a 'java/lang/NoSuchMethodError'{0x00000000eab1b4e8}: 'void java.lang.invoke.DirectMethodHandle$Holder.invokeSpecial(java.lang.Object, java.lang.Object, java.lang.Object)'> (0x00000000eab1b4e8) 
thrown [s\src\hotspot\share\interpreter\linkResolver.cpp, line 759]
Event: 3.397 Thread 0x00000201df4d0e90 Exception <a 'java/lang/NoSuchMethodError'{0x00000000eb6dea38}: 'java.lang.Object java.lang.invoke.DirectMethodHandle$Holder.newInvokeSpecial(java.lang.Object, int, java.lang.Object)'> (0x00000000eb6dea38) 
thrown [s\src\hotspot\share\interpreter\linkResolver.cpp, line 759]

VM Operations (20 events):
Event: 0.609 Executing VM operation: HandshakeAllThreads
Event: 0.609 Executing VM operation: HandshakeAllThreads done
Event: 1.340 Executing VM operation: HandshakeAllThreads
Event: 1.340 Executing VM operation: HandshakeAllThreads done
Event: 1.340 Executing VM operation: Cleanup
Event: 1.340 Executing VM operation: Cleanup done
Event: 1.448 Executing VM operation: HandshakeAllThreads
Event: 1.448 Executing VM operation: HandshakeAllThreads done
Event: 1.965 Executing VM operation: HandshakeAllThreads
Event: 1.965 Executing VM operation: HandshakeAllThreads done
Event: 2.457 Executing VM operation: ParallelGCFailedAllocation
Event: 2.477 Executing VM operation: ParallelGCFailedAllocation done
Event: 3.275 Executing VM operation: HandshakeAllThreads
Event: 3.275 Executing VM operation: HandshakeAllThreads done
Event: 3.275 Executing VM operation: HandshakeAllThreads
Event: 3.275 Executing VM operation: HandshakeAllThreads done
Event: 3.284 Executing VM operation: HandshakeAllThreads
Event: 3.284 Executing VM operation: HandshakeAllThreads done
Event: 3.302 Executing VM operation: HandshakeAllThreads
Event: 3.302 Executing VM operation: HandshakeAllThreads done

Events (20 events):
Event: 3.478 loading class java/net/ContentHandlerFactory
Event: 3.478 loading class java/net/ContentHandlerFactory done
Event: 3.506 loading class java/net/ContentHandler
Event: 3.506 loading class java/net/ContentHandler done
Event: 3.540 loading class javax/xml/parsers/ParserConfigurationException
Event: 3.540 loading class javax/xml/parsers/ParserConfigurationException done
Event: 3.544 loading class java/security/KeyStoreException
Event: 3.544 loading class java/security/KeyStoreException done
Event: 3.645 loading class java/util/LinkedList$Node
Event: 3.646 loading class java/util/LinkedList$Node done
Event: 3.646 loading class java/util/LinkedList$ListItr
Event: 3.646 loading class java/util/LinkedList$ListItr done
Event: 3.679 loading class sun/nio/fs/WindowsChannelFactory
Event: 3.680 loading class sun/nio/fs/WindowsChannelFactory done
Event: 3.680 loading class sun/nio/fs/WindowsChannelFactory$1
Event: 3.680 loading class sun/nio/fs/WindowsChannelFactory$1 done
Event: 3.680 loading class sun/nio/fs/WindowsChannelFactory$Flags
Event: 3.680 loading class sun/nio/fs/WindowsChannelFactory$Flags done
Event: 3.680 loading class sun/nio/ch/FileChannelImpl$Closer
Event: 3.680 loading class sun/nio/ch/FileChannelImpl$Closer done


Dynamic libraries:
0x00007ff6929e0000 - 0x00007ff6929ee000 	c:\Users\delic\.vscode\extensions\redhat.java-1.22.1-win32-x64\jre\17.0.8.1-win32-x86_64\bin\java.exe
0x00007ff8ba570000 - 0x00007ff8ba768000 	C:\WINDOWS\SYSTEM32\ntdll.dll
0x00007ff8ba230000 - 0x00007ff8ba2ed000 	C:\WINDOWS\System32\KERNEL32.DLL
0x00007ff8b7e80000 - 0x00007ff8b8176000 	C:\WINDOWS\System32\KERNELBASE.dll
0x00007ff8b7c80000 - 0x00007ff8b7d80000 	C:\WINDOWS\System32\ucrtbase.dll
0x00007ff8aaaa0000 - 0x00007ff8aaab7000 	c:\Users\delic\.vscode\extensions\redhat.java-1.22.1-win32-x64\jre\17.0.8.1-win32-x86_64\bin\jli.dll
0x00007ff8b8ce0000 - 0x00007ff8b8e7e000 	C:\WINDOWS\System32\USER32.dll
0x00007ff8b7c50000 - 0x00007ff8b7c72000 	C:\WINDOWS\System32\win32u.dll
0x00007ff8b9a80000 - 0x00007ff8b9aac000 	C:\WINDOWS\System32\GDI32.dll
0x00007ff8b8410000 - 0x00007ff8b852a000 	C:\WINDOWS\System32\gdi32full.dll
0x00007ff8b8530000 - 0x00007ff8b85cd000 	C:\WINDOWS\System32\msvcp_win.dll
0x00007ff8a9920000 - 0x00007ff8a9939000 	c:\Users\delic\.vscode\extensions\redhat.java-1.22.1-win32-x64\jre\17.0.8.1-win32-x86_64\bin\VCRUNTIME140.dll
0x00007ff8a3aa0000 - 0x00007ff8a3d3a000 	C:\WINDOWS\WinSxS\amd64_microsoft.windows.common-controls_6595b64144ccf1df_6.0.19041.1110_none_60b5254171f9507e\COMCTL32.dll
0x00007ff8b8780000 - 0x00007ff8b881e000 	C:\WINDOWS\System32\msvcrt.dll
0x00007ff8b9ab0000 - 0x00007ff8b9ae0000 	C:\WINDOWS\System32\IMM32.DLL
0x00007ff893280000 - 0x00007ff893399000 	C:\Program Files\Topaz OFD\Warsaw\wslbscr64.dll
0x00007ff8ba480000 - 0x00007ff8ba52e000 	C:\WINDOWS\System32\ADVAPI32.dll
0x00007ff8b86e0000 - 0x00007ff8b877c000 	C:\WINDOWS\System32\sechost.dll
0x00007ff8b8830000 - 0x00007ff8b8956000 	C:\WINDOWS\System32\RPCRT4.dll
0x00007ff8b9ae0000 - 0x00007ff8ba225000 	C:\WINDOWS\System32\SHELL32.dll
0x00007ff8b6d70000 - 0x00007ff8b6da3000 	C:\WINDOWS\SYSTEM32\ntmarta.dll
0x00007ff891fc0000 - 0x00007ff8920b4000 	C:\Program Files\Topaz OFD\Warsaw\wslbscrwh64.dll
0x00007ff8b3790000 - 0x00007ff8b379c000 	c:\Users\delic\.vscode\extensions\redhat.java-1.22.1-win32-x64\jre\17.0.8.1-win32-x86_64\bin\vcruntime140_1.dll
0x00007ff8958d0000 - 0x00007ff895961000 	c:\Users\delic\.vscode\extensions\redhat.java-1.22.1-win32-x64\jre\17.0.8.1-win32-x86_64\bin\msvcp140.dll
0x00007ff868470000 - 0x00007ff8690bc000 	c:\Users\delic\.vscode\extensions\redhat.java-1.22.1-win32-x64\jre\17.0.8.1-win32-x86_64\bin\server\jvm.dll
0x00007ff8b7b30000 - 0x00007ff8b7b7b000 	C:\WINDOWS\SYSTEM32\POWRPROF.dll
0x00007ff8b26c0000 - 0x00007ff8b26c9000 	C:\WINDOWS\SYSTEM32\WSOCK32.dll
0x00007ff8b8960000 - 0x00007ff8b89cb000 	C:\WINDOWS\System32\WS2_32.dll
0x00007ff8ab940000 - 0x00007ff8ab967000 	C:\WINDOWS\SYSTEM32\WINMM.dll
0x00007ff8afcd0000 - 0x00007ff8afcda000 	C:\WINDOWS\SYSTEM32\VERSION.dll
0x00007ff8b7ad0000 - 0x00007ff8b7ae2000 	C:\WINDOWS\SYSTEM32\UMPDC.dll
0x00007ff8b64c0000 - 0x00007ff8b64d2000 	C:\WINDOWS\SYSTEM32\kernel.appcore.dll
0x00007ff8af7f0000 - 0x00007ff8af7fa000 	c:\Users\delic\.vscode\extensions\redhat.java-1.22.1-win32-x64\jre\17.0.8.1-win32-x86_64\bin\jimage.dll
0x00007ff8b5ab0000 - 0x00007ff8b5c94000 	C:\WINDOWS\SYSTEM32\DBGHELP.DLL
0x00007ff8ae340000 - 0x00007ff8ae374000 	C:\WINDOWS\SYSTEM32\dbgcore.DLL
0x00007ff8b7df0000 - 0x00007ff8b7e72000 	C:\WINDOWS\System32\bcryptPrimitives.dll
0x00007ff8ae6b0000 - 0x00007ff8ae6be000 	c:\Users\delic\.vscode\extensions\redhat.java-1.22.1-win32-x64\jre\17.0.8.1-win32-x86_64\bin\instrument.dll
0x00007ff8a0fd0000 - 0x00007ff8a0ff5000 	c:\Users\delic\.vscode\extensions\redhat.java-1.22.1-win32-x64\jre\17.0.8.1-win32-x86_64\bin\java.dll
0x00007ff8a15c0000 - 0x00007ff8a15d8000 	c:\Users\delic\.vscode\extensions\redhat.java-1.22.1-win32-x64\jre\17.0.8.1-win32-x86_64\bin\zip.dll
0x00007ff8b5cc0000 - 0x00007ff8b645b000 	C:\WINDOWS\SYSTEM32\windows.storage.dll
0x00007ff8b9480000 - 0x00007ff8b97d4000 	C:\WINDOWS\System32\combase.dll
0x00007ff8b75c0000 - 0x00007ff8b75ee000 	C:\WINDOWS\SYSTEM32\Wldp.dll
0x00007ff8b85d0000 - 0x00007ff8b867d000 	C:\WINDOWS\System32\SHCORE.dll
0x00007ff8b93a0000 - 0x00007ff8b93f5000 	C:\WINDOWS\System32\shlwapi.dll
0x00007ff8b7b80000 - 0x00007ff8b7ba5000 	C:\WINDOWS\SYSTEM32\profapi.dll
0x00007ff89f4b0000 - 0x00007ff89f4c9000 	C:\Users\delic\.vscode\extensions\redhat.java-1.22.1-win32-x64\jre\17.0.8.1-win32-x86_64\bin\net.dll
0x00007ff8b0dd0000 - 0x00007ff8b0eda000 	C:\WINDOWS\SYSTEM32\WINHTTP.dll
0x00007ff8b7320000 - 0x00007ff8b738a000 	C:\WINDOWS\system32\mswsock.dll
0x00007ff89f490000 - 0x00007ff89f4a5000 	C:\Users\delic\.vscode\extensions\redhat.java-1.22.1-win32-x64\jre\17.0.8.1-win32-x86_64\bin\nio.dll
0x00007ff8ad250000 - 0x00007ff8ad260000 	c:\Users\delic\.vscode\extensions\redhat.java-1.22.1-win32-x64\jre\17.0.8.1-win32-x86_64\bin\verify.dll
0x00007ff898dd0000 - 0x00007ff898e0e000 	C:\Users\delic\AppData\Roaming\Code\User\globalStorage\redhat.java\1.22.1\config_ss_win\org.eclipse.equinox.launcher\org.eclipse.equinox.launcher.win32.win32.x86_64_1.2.700.v20221108-1024\eclipse_11801.dll
0x00007ff8ba350000 - 0x00007ff8ba47a000 	C:\WINDOWS\System32\ole32.dll

dbghelp: loaded successfully - version: 4.0.5 - missing functions: none
symbol engine: initialized successfully - sym options: 0x614 - pdb path: .;c:\Users\delic\.vscode\extensions\redhat.java-1.22.1-win32-x64\jre\17.0.8.1-win32-x86_64\bin;C:\WINDOWS\SYSTEM32;C:\WINDOWS\WinSxS\amd64_microsoft.windows.common-controls_6595b64144ccf1df_6.0.19041.1110_none_60b5254171f9507e;C:\Program Files\Topaz OFD\Warsaw;c:\Users\delic\.vscode\extensions\redhat.java-1.22.1-win32-x64\jre\17.0.8.1-win32-x86_64\bin\server;C:\Users\delic\AppData\Roaming\Code\User\globalStorage\redhat.java\1.22.1\config_ss_win\org.eclipse.equinox.launcher\org.eclipse.equinox.launcher.win32.win32.x86_64_1.2.700.v20221108-1024

VM Arguments:
jvm_args: --add-modules=ALL-SYSTEM --add-opens=java.base/java.util=ALL-UNNAMED --add-opens=java.base/java.lang=ALL-UNNAMED --add-opens=java.base/sun.nio.fs=ALL-UNNAMED -Declipse.application=org.eclipse.jdt.ls.core.id1 -Dosgi.bundles.defaultStartLevel=4 -Declipse.product=org.eclipse.jdt.ls.core.product -Djava.import.generatesMetadataFilesAtProjectRoot=false -Dfile.encoding=utf8 -XX:+UseParallelGC -XX:GCTimeRatio=4 -XX:AdaptiveSizePolicyWeight=90 -Dsun.zip.disableMemoryMapping=true -Xmx1G -Xms100m -Xlog:disable -javaagent:c:\Users\delic\.vscode\extensions\redhat.java-1.22.1-win32-x64\lombok\lombok-1.18.28.jar 
java_command: c:\Users\delic\.vscode\extensions\redhat.java-1.22.1-win32-x64\server\plugins\org.eclipse.equinox.launcher_1.6.500.v20230717-2134.jar -configuration c:\Users\delic\AppData\Roaming\Code\User\globalStorage\redhat.java\1.22.1\config_ss_win -data c:\Users\delic\AppData\Roaming\Code\User\workspaceStorage\736c57933201ec24a5fd78fbe8f4d4ee\redhat.java\ss_ws
java_class_path (initial): c:\Users\delic\.vscode\extensions\redhat.java-1.22.1-win32-x64\server\plugins\org.eclipse.equinox.launcher_1.6.500.v20230717-2134.jar
Launcher Type: SUN_STANDARD

[Global flags]
    uintx AdaptiveSizePolicyWeight                 = 90                                        {product} {command line}
     intx CICompilerCount                          = 3                                         {product} {ergonomic}
    uintx GCTimeRatio                              = 4                                         {product} {command line}
   size_t InitialHeapSize                          = 104857600                                 {product} {command line}
   size_t MaxHeapSize                              = 1073741824                                {product} {command line}
   size_t MaxNewSize                               = 357564416                                 {product} {ergonomic}
   size_t MinHeapDeltaBytes                        = 524288                                    {product} {ergonomic}
   size_t MinHeapSize                              = 104857600                                 {product} {command line}
   size_t NewSize                                  = 34603008                                  {product} {ergonomic}
    uintx NonNMethodCodeHeapSize                   = 5832780                                {pd product} {ergonomic}
    uintx NonProfiledCodeHeapSize                  = 122912730                              {pd product} {ergonomic}
   size_t OldSize                                  = 70254592                                  {product} {ergonomic}
    uintx ProfiledCodeHeapSize                     = 122912730                              {pd product} {ergonomic}
    uintx ReservedCodeCacheSize                    = 251658240                              {pd product} {ergonomic}
     bool SegmentedCodeCache                       = true                                      {product} {ergonomic}
   size_t SoftMaxHeapSize                          = 1073741824                             {manageable} {ergonomic}
     bool UseCompressedClassPointers               = true                           {product lp64_product} {ergonomic}
     bool UseCompressedOops                        = true                           {product lp64_product} {ergonomic}
     bool UseLargePagesIndividualAllocation        = false                                  {pd product} {ergonomic}
     bool UseParallelGC                            = true                                      {product} {command line}

Logging:
Log output configuration:
 #0: stdout all=off uptime,level,tags
 #1: stderr all=off uptime,level,tags

Environment Variables:
JAVA_HOME=C:\Program Files\Java\jdk-19
PATH=C:\Users\delic\bin;C:\Program Files\Git\mingw64\bin;C:\Program Files\Git\usr\local\bin;C:\Program Files\Git\usr\bin;C:\Program Files\Git\usr\bin;C:\Program Files\Git\mingw64\bin;C:\Program Files\Git\usr\bin;C:\Users\delic\bin;C:\Program Files\Common Files\Oracle\Java\javapath;C:\Windows\system32;C:\Windows;C:\Windows\System32\Wbem;C:\Windows\System32\WindowsPowerShell\v1.0;C:\WINDOWS\system32;C:\WINDOWS;C:\WINDOWS\System32\Wbem;C:\WINDOWS\System32\WindowsPowerShell\v1.0;C:\WINDOWS\System32\OpenSSH;C:\Program Files\Microsoft VS Code\bin;C:\Program Files (x86)\NVIDIA Corporation\PhysX\Common;C:\Program Files\NVIDIA Corporation\NVIDIA NvDLISR;C:\ProgramData\UNIVALI\Portugol Studio;C:\Program Files\MySQL\MySQL Shell 8.0\bin;C:\Users\delic\AppData\Local\Microsoft\WindowsApps;C:\Users\delic\AppData\Local\JpegminiPro3;C:\maven\apache-maven-3.9.4\bin;C:\Program Files\Java\jdk-19\bin;C:\Program Files\Git\usr\bin\vendor_perl;C:\Program Files\Git\usr\bin\core_perl
USERNAME=delic
SHELL=C:\Program Files\Git\usr\bin\bash.exe
DISPLAY=needs-to-be-defined
LANG=pt_BR.UTF-8
TERM=xterm-256color
TMPDIR=C:\Users\delic\AppData\Local\Temp
OS=Windows_NT
PROCESSOR_IDENTIFIER=Intel64 Family 6 Model 142 Stepping 9, GenuineIntel
TMP=C:\Users\delic\AppData\Local\Temp
TEMP=C:\Users\delic\AppData\Local\Temp



---------------  S Y S T E M  ---------------

OS:
 Windows 10 , 64 bit Build 19041 (10.0.19041.3393)
OS uptime: 2 days 9:28 hours

CPU: total 4 (initial active 4) (2 cores per cpu, 2 threads per core) family 6 model 142 stepping 9 microcode 0xd6, cx8, cmov, fxsr, ht, mmx, 3dnowpref, sse, sse2, sse3, ssse3, sse4.1, sse4.2, popcnt, lzcnt, tsc, tscinvbit, avx, avx2, aes, erms, clmul, bmi1, bmi2, adx, fma, vzeroupper, clflush, clflushopt
Processor Information for all 4 processors :
  Max Mhz: 2712, Current Mhz: 2511, Mhz Limit: 2495

Memory: 4k page, system-wide physical 8066M (1292M free)
TotalPageFile size 32642M (AvailPageFile size 30M)
current process WorkingSet (physical memory assigned to process): 101M, peak: 101M
current process commit charge ("private bytes"): 203M, peak: 203M

vm_info: OpenJDK 64-Bit Server VM (17.0.8.1+1) for windows-amd64 JRE (17.0.8.1+1), built on Aug 23 2023 15:29:17 by "admin" with MS VC++ 16.7 (VS2019)

END.
