#
# There is insufficient memory for the Java Runtime Environment to continue.
# Native memory allocation (mmap) failed to map 65536 bytes for Failed to commit metaspace.
# Possible reasons:
#   The system is out of physical RAM or swap space
#   The process is running with CompressedOops enabled, and the Java Heap may be blocking the growth of the native heap
# Possible solutions:
#   Reduce memory load on the system
#   Increase physical memory or swap space
#   Check if swap backing store is full
#   Decrease Java heap size (-Xmx/-Xms)
#   Decrease number of Java threads
#   Decrease Java thread stack sizes (-Xss)
#   Set larger code cache with -XX:ReservedCodeCacheSize=
#   JVM is running with Unscaled Compressed Oops mode in which the Java heap is
#     placed in the first 4GB address space. The Java Heap base address is the
#     maximum limit for the native heap growth. Please use -XX:HeapBaseMinAddress
#     to set the Java Heap base and to place the Java Heap above 4GB virtual address.
# This output file may be truncated or incomplete.
#
#  Out of Memory Error (virtualSpaceNode.cpp:110), pid=16196, tid=12068
#
# JRE version: OpenJDK Runtime Environment Temurin-17.0.8.1+1 (17.0.8.1+1) (build 17.0.8.1+1)
# Java VM: OpenJDK 64-Bit Server VM Temurin-17.0.8.1+1 (17.0.8.1+1, mixed mode, tiered, compressed oops, compressed class ptrs, parallel gc, windows-amd64)
# No core dump will be written. Minidumps are not enabled by default on client versions of Windows
#

---------------  S U M M A R Y ------------

Command Line: --add-modules=ALL-SYSTEM --add-opens=java.base/java.util=ALL-UNNAMED --add-opens=java.base/java.lang=ALL-UNNAMED --add-opens=java.base/sun.nio.fs=ALL-UNNAMED -Declipse.application=org.eclipse.jdt.ls.core.id1 -Dosgi.bundles.defaultStartLevel=4 -Declipse.product=org.eclipse.jdt.ls.core.product -Djava.import.generatesMetadataFilesAtProjectRoot=false -Dfile.encoding=utf8 -XX:+UseParallelGC -XX:GCTimeRatio=4 -XX:AdaptiveSizePolicyWeight=90 -Dsun.zip.disableMemoryMapping=true -Xmx1G -Xms100m -Xlog:disable -javaagent:c:\Users\delic\.vscode\extensions\redhat.java-1.22.1-win32-x64\lombok\lombok-1.18.28.jar -XX:+HeapDumpOnOutOfMemoryError -XX:HeapDumpPath=c:\Users\delic\AppData\Roaming\Code\User\workspaceStorage\736c57933201ec24a5fd78fbe8f4d4ee\redhat.java -Daether.dependencyCollector.impl=bf c:\Users\delic\.vscode\extensions\redhat.java-1.22.1-win32-x64\server\plugins\org.eclipse.equinox.launcher_1.6.500.v20230717-2134.jar -configuration c:\Users\delic\AppData\Roaming\Code\User\globalStorage\redhat.java\1.22.1\config_win -data c:\Users\delic\AppData\Roaming\Code\User\workspaceStorage\736c57933201ec24a5fd78fbe8f4d4ee\redhat.java\jdt_ws

Host: Intel(R) Core(TM) i5-7200U CPU @ 2.50GHz, 4 cores, 7G,  Windows 10 , 64 bit Build 19041 (10.0.19041.3393)
Time: Thu Sep 21 09:46:51 2023 Hora oficial do Brasil elapsed time: 1.229677 seconds (0d 0h 0m 1s)

---------------  T H R E A D  ---------------

Current thread (0x000001797daa3a00):  JavaThread "main" [_thread_in_vm, id=12068, stack(0x0000005c55b00000,0x0000005c55c00000)]

Stack: [0x0000005c55b00000,0x0000005c55c00000]
Native frames: (J=compiled Java code, j=interpreted, Vv=VM code, C=native code)
V  [jvm.dll+0x678b0a]
V  [jvm.dll+0x835e84]
V  [jvm.dll+0x83762e]
V  [jvm.dll+0x837c93]
V  [jvm.dll+0x24746f]
V  [jvm.dll+0x831f1b]
V  [jvm.dll+0x61d3c6]
V  [jvm.dll+0x61d42a]
V  [jvm.dll+0x61fc5a]
V  [jvm.dll+0x61dd66]
V  [jvm.dll+0x23ce50]
V  [jvm.dll+0x1ec2ed]
V  [jvm.dll+0x1e1d21]
V  [jvm.dll+0x53fba0]
V  [jvm.dll+0x1f2607]
V  [jvm.dll+0x7b06ab]
V  [jvm.dll+0x7b1a52]
V  [jvm.dll+0x7b1d88]
V  [jvm.dll+0x23f76e]
V  [jvm.dll+0x23f9bf]
V  [jvm.dll+0x55d3f8]
V  [jvm.dll+0x5602a7]
V  [jvm.dll+0x385914]
V  [jvm.dll+0x384f7f]
C  0x000001790a109cb9

Java frames: (J=compiled Java code, j=interpreted, Vv=VM code)
j  java.util.TimeZone.getTimeZone(Ljava/lang/String;Z)Ljava/util/TimeZone;+1 java.base@17.0.8.1
j  java.util.TimeZone.setDefaultZone()Ljava/util/TimeZone;+48 java.base@17.0.8.1
j  java.util.TimeZone.getDefaultRef()Ljava/util/TimeZone;+8 java.base@17.0.8.1
j  java.util.Date.normalize()Lsun/util/calendar/BaseCalendar$Date;+21 java.base@17.0.8.1
j  java.util.Date.toString()Ljava/lang/String;+1 java.base@17.0.8.1
j  org.eclipse.equinox.launcher.Main.log(Ljava/lang/Object;)V+42
j  org.eclipse.equinox.launcher.Main.run([Ljava/lang/String;)I+55
j  org.eclipse.equinox.launcher.Main.main([Ljava/lang/String;)V+10
v  ~StubRoutines::call_stub

---------------  P R O C E S S  ---------------

Threads class SMR info:
_java_thread_list=0x000001791736fac0, length=13, elements={
0x000001797daa3a00, 0x000001797fcff8a0, 0x000001797fd01460, 0x000001797fd1c2a0,
0x000001797fd1d030, 0x0000017916e00020, 0x0000017916e008f0, 0x0000017916e014f0,
0x0000017916e6af30, 0x0000017916e6bbf0, 0x000001797db03110, 0x000001791707b720,
0x0000017917377ae0
}

Java Threads: ( => current thread )
=>0x000001797daa3a00 JavaThread "main" [_thread_in_vm, id=12068, stack(0x0000005c55b00000,0x0000005c55c00000)]
  0x000001797fcff8a0 JavaThread "Reference Handler" daemon [_thread_blocked, id=6792, stack(0x0000005c55e00000,0x0000005c55f00000)]
  0x000001797fd01460 JavaThread "Finalizer" daemon [_thread_blocked, id=4712, stack(0x0000005c55f00000,0x0000005c56000000)]
  0x000001797fd1c2a0 JavaThread "Signal Dispatcher" daemon [_thread_blocked, id=18892, stack(0x0000005c56000000,0x0000005c56100000)]
  0x000001797fd1d030 JavaThread "Attach Listener" daemon [_thread_blocked, id=14740, stack(0x0000005c56100000,0x0000005c56200000)]
  0x0000017916e00020 JavaThread "Service Thread" daemon [_thread_blocked, id=14332, stack(0x0000005c56200000,0x0000005c56300000)]
  0x0000017916e008f0 JavaThread "Monitor Deflation Thread" daemon [_thread_blocked, id=8692, stack(0x0000005c56300000,0x0000005c56400000)]
  0x0000017916e014f0 JavaThread "C2 CompilerThread0" daemon [_thread_blocked, id=19372, stack(0x0000005c56400000,0x0000005c56500000)]
  0x0000017916e6af30 JavaThread "C1 CompilerThread0" daemon [_thread_blocked, id=4484, stack(0x0000005c56500000,0x0000005c56600000)]
  0x0000017916e6bbf0 JavaThread "Sweeper thread" daemon [_thread_blocked, id=2968, stack(0x0000005c56600000,0x0000005c56700000)]
  0x000001797db03110 JavaThread "Common-Cleaner" daemon [_thread_blocked, id=14828, stack(0x0000005c56700000,0x0000005c56800000)]
  0x000001791707b720 JavaThread "Notification Thread" daemon [_thread_blocked, id=11424, stack(0x0000005c56800000,0x0000005c56900000)]
  0x0000017917377ae0 JavaThread "C2 CompilerThread1" daemon [_thread_blocked, id=11776, stack(0x0000005c56a00000,0x0000005c56b00000)]

Other Threads:
  0x000001797fc14cc0 VMThread "VM Thread" [stack: 0x0000005c55d00000,0x0000005c55e00000] [id=15392]
  0x00000179171de160 WatcherThread [stack: 0x0000005c56900000,0x0000005c56a00000] [id=15364]
  0x000001797dab61e0 GCTaskThread "GC Thread#0" [stack: 0x0000005c55c00000,0x0000005c55d00000] [id=18344]

Threads with active compile tasks:

VM state: not at safepoint (normal execution)

VM Mutex/Monitor currently owned by a thread:  ([mutex/lock_event])
[0x000001797da9df20] Metaspace_lock - owner thread: 0x000001797daa3a00

OutOfMemory and StackOverflow Exception counts:
OutOfMemoryError java_heap_errors=1
LinkageErrors=1

Heap address: 0x00000000c0000000, size: 1024 MB, Compressed Oops mode: 32-bit

CDS archive(s) not mapped
Compressed class space mapped at: 0x0000000100000000-0x0000000140000000, reserved size: 1073741824
Narrow klass base: 0x0000000000000000, Narrow klass shift: 3, Narrow klass range: 0x140000000

GC Precious Log:
 CPUs: 4 total, 4 available
 Memory: 8066M
 Large Page Support: Disabled
 NUMA Support: Disabled
 Compressed Oops: Enabled (32-bit)
 Alignments: Space 512K, Generation 512K, Heap 2M
 Heap Min Capacity: 100M
 Heap Initial Capacity: 100M
 Heap Max Capacity: 1G
 Pre-touch: Disabled
 Parallel Workers: 4

Heap:
 PSYoungGen      total 29696K, used 16615K [0x00000000eab00000, 0x00000000ecc00000, 0x0000000100000000)
  eden space 25600K, 64% used [0x00000000eab00000,0x00000000ebb39eb8,0x00000000ec400000)
  from space 4096K, 0% used [0x00000000ec800000,0x00000000ec800000,0x00000000ecc00000)
  to   space 4096K, 0% used [0x00000000ec400000,0x00000000ec400000,0x00000000ec800000)
 ParOldGen       total 68608K, used 0K [0x00000000c0000000, 0x00000000c4300000, 0x00000000eab00000)
  object space 68608K, 0% used [0x00000000c0000000,0x00000000c0000000,0x00000000c4300000)
 Metaspace       used 9247K, committed 9344K, reserved 1114112K
  class space    used 915K, committed 960K, reserved 1048576K

Card table byte_map: [0x000001797d400000,0x000001797d610000] _byte_map_base: 0x000001797ce00000

Marking Bits: (ParMarkBitMap*) 0x00007ff858ac83a0
 Begin Bits: [0x000001797db20000, 0x000001797eb20000)
 End Bits:   [0x000001797eb20000, 0x000001797fb20000)

Polling page: 0x000001797b9b0000

Metaspace:

Usage:
  Non-class:      8.14 MB used.
      Class:    915.48 KB used.
       Both:      9.03 MB used.

Virtual space:
  Non-class space:       64.00 MB reserved,       8.19 MB ( 13%) committed,  1 nodes.
      Class space:        1.00 GB reserved,     960.00 KB ( <1%) committed,  1 nodes.
             Both:        1.06 GB reserved,       9.12 MB ( <1%) committed. 

Chunk freelists:
   Non-Class:  6.91 MB
       Class:  15.09 MB
        Both:  22.00 MB

MaxMetaspaceSize: unlimited
CompressedClassSpaceSize: 1.00 GB
Initial GC threshold: 21.00 MB
Current GC threshold: 21.00 MB
CDS: off
MetaspaceReclaimPolicy: balanced
 - commit_granule_bytes: 65536.
 - commit_granule_words: 8192.
 - virtual_space_node_default_size: 8388608.
 - enlarge_chunks_in_place: 1.
 - new_chunks_are_fully_committed: 0.
 - uncommit_free_chunks: 1.
 - use_allocation_guard: 0.
 - handle_deallocations: 1.


Internal statistics:

num_allocs_failed_limit: 0.
num_arena_births: 10.
num_arena_deaths: 0.
num_vsnodes_births: 2.
num_vsnodes_deaths: 0.
num_space_committed: 146.
num_space_uncommitted: 0.
num_chunks_returned_to_freelist: 0.
num_chunks_taken_from_freelist: 45.
num_chunk_merges: 0.
num_chunk_splits: 25.
num_chunks_enlarged: 20.
num_inconsistent_stats: 0.

CodeHeap 'non-profiled nmethods': size=120000Kb used=279Kb max_used=279Kb free=119720Kb
 bounds [0x000001790a690000, 0x000001790a900000, 0x0000017911bc0000]
CodeHeap 'profiled nmethods': size=120000Kb used=1092Kb max_used=1092Kb free=118908Kb
 bounds [0x0000017902bc0000, 0x0000017902e30000, 0x000001790a0f0000]
CodeHeap 'non-nmethods': size=5760Kb used=1133Kb max_used=1163Kb free=4626Kb
 bounds [0x000001790a0f0000, 0x000001790a360000, 0x000001790a690000]
 total_blobs=1111 nmethods=688 adapters=338
 compilation: enabled
              stopped_count=0, restarted_count=0
 full_count=0

Compilation events (20 events):
Event: 1.178 Thread 0x0000017917377ae0 nmethod 660 0x000001790a6cf690 code [0x000001790a6cf800, 0x000001790a6cf958]
Event: 1.178 Thread 0x0000017917377ae0  658       4       java.util.HashMap::get (19 bytes)
Event: 1.183 Thread 0x0000017917377ae0 nmethod 658 0x000001790a6cfa90 code [0x000001790a6cfc20, 0x000001790a6cfed8]
Event: 1.183 Thread 0x0000017917377ae0  668       4       sun.security.provider.SHA5::lf_S (11 bytes)
Event: 1.183 Thread 0x0000017917377ae0 nmethod 668 0x000001790a6d0190 code [0x000001790a6d0300, 0x000001790a6d0358]
Event: 1.206 Thread 0x0000017916e6af30  681       3       java.util.regex.ASCII::toLower (16 bytes)
Event: 1.206 Thread 0x0000017917377ae0  683       4       sun.security.provider.SHA2::implCompress0 (490 bytes)
Event: 1.206 Thread 0x0000017916e6af30 nmethod 681 0x0000017902ccc810 code [0x0000017902ccc9a0, 0x0000017902cccb98]
Event: 1.206 Thread 0x0000017916e6af30  682       3       java.util.regex.ASCII::isUpper (18 bytes)
Event: 1.206 Thread 0x0000017916e6af30 nmethod 682 0x0000017902cccc90 code [0x0000017902ccce20, 0x0000017902cccf78]
Event: 1.211 Thread 0x0000017916e6af30  685  s    3       java.util.Hashtable::put (104 bytes)
Event: 1.212 Thread 0x0000017916e6af30 nmethod 685 0x0000017902ccd010 code [0x0000017902ccd220, 0x0000017902ccd8d8]
Event: 1.212 Thread 0x0000017916e6af30  686       3       java.util.Hashtable::addEntry (87 bytes)
Event: 1.212 Thread 0x0000017916e6af30 nmethod 686 0x0000017902ccdb10 code [0x0000017902ccdce0, 0x0000017902cce2f8]
Event: 1.212 Thread 0x0000017916e6af30  687       3       java.util.Hashtable$Entry::<init> (26 bytes)
Event: 1.212 Thread 0x0000017916e6af30 nmethod 687 0x0000017902cce590 code [0x0000017902cce720, 0x0000017902cce8d8]
Event: 1.212 Thread 0x0000017916e6af30  688       3       sun.security.util.SignatureFileVerifier::updateSigners (132 bytes)
Event: 1.213 Thread 0x0000017916e6af30 nmethod 688 0x0000017902cce990 code [0x0000017902ccec40, 0x0000017902ccfb98]
Event: 1.213 Thread 0x0000017916e6af30  689       3       sun.security.util.SignatureFileVerifier::matches (93 bytes)
Event: 1.214 Thread 0x0000017916e6af30 nmethod 689 0x0000017902cd0210 code [0x0000017902cd0440, 0x0000017902cd0cf8]

GC Heap History (0 events):
No events

Dll operation events (8 events):
Event: 0.010 Loaded shared library c:\Users\delic\.vscode\extensions\redhat.java-1.22.1-win32-x64\jre\17.0.8.1-win32-x86_64\bin\java.dll
Event: 0.260 Loaded shared library c:\Users\delic\.vscode\extensions\redhat.java-1.22.1-win32-x64\jre\17.0.8.1-win32-x86_64\bin\zip.dll
Event: 0.265 Loaded shared library C:\Users\delic\.vscode\extensions\redhat.java-1.22.1-win32-x64\jre\17.0.8.1-win32-x86_64\bin\instrument.dll
Event: 0.293 Loaded shared library C:\Users\delic\.vscode\extensions\redhat.java-1.22.1-win32-x64\jre\17.0.8.1-win32-x86_64\bin\net.dll
Event: 0.298 Loaded shared library C:\Users\delic\.vscode\extensions\redhat.java-1.22.1-win32-x64\jre\17.0.8.1-win32-x86_64\bin\nio.dll
Event: 0.313 Loaded shared library C:\Users\delic\.vscode\extensions\redhat.java-1.22.1-win32-x64\jre\17.0.8.1-win32-x86_64\bin\zip.dll
Event: 0.335 Loaded shared library C:\Users\delic\.vscode\extensions\redhat.java-1.22.1-win32-x64\jre\17.0.8.1-win32-x86_64\bin\jimage.dll
Event: 0.436 Loaded shared library c:\Users\delic\.vscode\extensions\redhat.java-1.22.1-win32-x64\jre\17.0.8.1-win32-x86_64\bin\verify.dll

Deoptimization events (20 events):
Event: 1.209 Thread 0x000001797daa3a00 DEOPT PACKING pc=0x0000017902c82732 sp=0x0000005c55bfe220
Event: 1.209 Thread 0x000001797daa3a00 DEOPT UNPACKING pc=0x000001790a146e43 sp=0x0000005c55bfd678 mode 0
Event: 1.209 Thread 0x000001797daa3a00 DEOPT PACKING pc=0x0000017902c8265a sp=0x0000005c55bfe220
Event: 1.209 Thread 0x000001797daa3a00 DEOPT UNPACKING pc=0x000001790a146e43 sp=0x0000005c55bfd678 mode 0
Event: 1.210 Thread 0x000001797daa3a00 DEOPT PACKING pc=0x0000017902c8265a sp=0x0000005c55bfe220
Event: 1.210 Thread 0x000001797daa3a00 DEOPT UNPACKING pc=0x000001790a146e43 sp=0x0000005c55bfd678 mode 0
Event: 1.210 Thread 0x000001797daa3a00 DEOPT PACKING pc=0x0000017902c8265a sp=0x0000005c55bfe220
Event: 1.210 Thread 0x000001797daa3a00 DEOPT UNPACKING pc=0x000001790a146e43 sp=0x0000005c55bfd678 mode 0
Event: 1.210 Thread 0x000001797daa3a00 DEOPT PACKING pc=0x0000017902c8265a sp=0x0000005c55bfe220
Event: 1.210 Thread 0x000001797daa3a00 DEOPT UNPACKING pc=0x000001790a146e43 sp=0x0000005c55bfd678 mode 0
Event: 1.210 Thread 0x000001797daa3a00 DEOPT PACKING pc=0x0000017902c82732 sp=0x0000005c55bfe220
Event: 1.210 Thread 0x000001797daa3a00 DEOPT UNPACKING pc=0x000001790a146e43 sp=0x0000005c55bfd678 mode 0
Event: 1.210 Thread 0x000001797daa3a00 DEOPT PACKING pc=0x0000017902c82732 sp=0x0000005c55bfe220
Event: 1.210 Thread 0x000001797daa3a00 DEOPT UNPACKING pc=0x000001790a146e43 sp=0x0000005c55bfd678 mode 0
Event: 1.211 Thread 0x000001797daa3a00 DEOPT PACKING pc=0x0000017902c82732 sp=0x0000005c55bfe220
Event: 1.211 Thread 0x000001797daa3a00 DEOPT UNPACKING pc=0x000001790a146e43 sp=0x0000005c55bfd678 mode 0
Event: 1.211 Thread 0x000001797daa3a00 DEOPT PACKING pc=0x0000017902c82732 sp=0x0000005c55bfe220
Event: 1.211 Thread 0x000001797daa3a00 DEOPT UNPACKING pc=0x000001790a146e43 sp=0x0000005c55bfd678 mode 0
Event: 1.211 Thread 0x000001797daa3a00 DEOPT PACKING pc=0x0000017902c8265a sp=0x0000005c55bfe220
Event: 1.211 Thread 0x000001797daa3a00 DEOPT UNPACKING pc=0x000001790a146e43 sp=0x0000005c55bfd678 mode 0

Classes unloaded (0 events):
No events

Classes redefined (0 events):
No events

Internal exceptions (10 events):
Event: 0.188 Thread 0x000001797daa3a00 Exception <a 'java/lang/NoSuchMethodError'{0x00000000eacb22a0}: 'void java.lang.invoke.DirectMethodHandle$Holder.invokeStatic(java.lang.Object, java.lang.Object, java.lang.Object)'> (0x00000000eacb22a0) 
thrown [s\src\hotspot\share\interpreter\linkResolver.cpp, line 759]
Event: 0.475 Thread 0x000001797daa3a00 Exception <a 'java/lang/reflect/InvocationTargetException'{0x00000000eaf79620}> (0x00000000eaf79620) 
thrown [s\src\hotspot\share\runtime\reflection.cpp, line 1121]
Event: 0.977 Thread 0x000001797daa3a00 Exception <a 'java/lang/ClassNotFoundException'{0x00000000eb788638}: sun/net/www/protocol/c/Handler> (0x00000000eb788638) 
thrown [s\src\hotspot\share\classfile\systemDictionary.cpp, line 256]
Event: 0.981 Thread 0x000001797daa3a00 Exception <a 'java/io/FileNotFoundException'{0x00000000eb7a3cf0}> (0x00000000eb7a3cf0) 
thrown [s\src\hotspot\share\prims\jni.cpp, line 516]
Event: 0.982 Thread 0x000001797daa3a00 Exception <a 'java/io/FileNotFoundException'{0x00000000eb7a4a38}> (0x00000000eb7a4a38) 
thrown [s\src\hotspot\share\prims\jni.cpp, line 516]
Event: 0.982 Thread 0x000001797daa3a00 Exception <a 'java/io/FileNotFoundException'{0x00000000eb7a5760}> (0x00000000eb7a5760) 
thrown [s\src\hotspot\share\prims\jni.cpp, line 516]
Event: 0.982 Thread 0x000001797daa3a00 Exception <a 'java/io/FileNotFoundException'{0x00000000eb7a6458}> (0x00000000eb7a6458) 
thrown [s\src\hotspot\share\prims\jni.cpp, line 516]
Event: 0.987 Thread 0x000001797daa3a00 Implicit null exception at 0x000001790a6b13f2 to 0x000001790a6b1940
Event: 1.037 Thread 0x000001797daa3a00 Exception <a 'java/io/FileNotFoundException'{0x00000000eb7e0f78}> (0x00000000eb7e0f78) 
thrown [s\src\hotspot\share\prims\jni.cpp, line 516]
Event: 1.213 Thread 0x000001797daa3a00 Exception <a 'java/lang/OutOfMemoryError'{0x00000000ebab04f0}> (0x00000000ebab04f0) 
thrown [s\src\hotspot\share\prims\jni.cpp, line 535]

VM Operations (8 events):
Event: 0.195 Executing VM operation: HandshakeAllThreads
Event: 0.195 Executing VM operation: HandshakeAllThreads done
Event: 0.366 Executing VM operation: HandshakeAllThreads
Event: 0.366 Executing VM operation: HandshakeAllThreads done
Event: 0.931 Executing VM operation: HandshakeAllThreads
Event: 0.931 Executing VM operation: HandshakeAllThreads done
Event: 0.970 Executing VM operation: HandshakeAllThreads
Event: 0.970 Executing VM operation: HandshakeAllThreads done

Events (20 events):
Event: 1.078 loading class sun/nio/fs/WindowsAclFileAttributeView done
Event: 1.078 loading class sun/nio/fs/WindowsSecurity
Event: 1.078 loading class sun/nio/fs/WindowsSecurity done
Event: 1.079 loading class sun/nio/fs/WindowsFileStore
Event: 1.079 loading class java/nio/file/FileStore
Event: 1.080 loading class java/nio/file/FileStore done
Event: 1.080 loading class sun/nio/fs/WindowsFileStore done
Event: 1.084 loading class java/net/URLClassLoader$1
Event: 1.084 loading class java/net/URLClassLoader$1 done
Event: 1.213 loading class java/util/zip/DataFormatException
Event: 1.213 loading class java/util/zip/DataFormatException done
Event: 1.213 loading class java/io/InterruptedIOException
Event: 1.213 loading class java/io/InterruptedIOException done
Event: 1.213 loading class java/lang/ClassFormatError
Event: 1.213 loading class java/lang/ClassFormatError done
Event: 1.213 loading class java/security/PrivilegedActionException
Event: 1.213 loading class java/security/PrivilegedActionException done
Event: 1.214 loading class java/util/TimeZone
Event: 1.215 loading class java/util/TimeZone done
Event: 1.215 loading class sun/util/calendar/ZoneInfo


Dynamic libraries:
0x00007ff6929e0000 - 0x00007ff6929ee000 	c:\Users\delic\.vscode\extensions\redhat.java-1.22.1-win32-x64\jre\17.0.8.1-win32-x86_64\bin\java.exe
0x00007ff8ba570000 - 0x00007ff8ba768000 	C:\WINDOWS\SYSTEM32\ntdll.dll
0x00007ff8ba230000 - 0x00007ff8ba2ed000 	C:\WINDOWS\System32\KERNEL32.DLL
0x00007ff8b7e80000 - 0x00007ff8b8176000 	C:\WINDOWS\System32\KERNELBASE.dll
0x00007ff8b7c80000 - 0x00007ff8b7d80000 	C:\WINDOWS\System32\ucrtbase.dll
0x00007ff8a0f40000 - 0x00007ff8a0f57000 	c:\Users\delic\.vscode\extensions\redhat.java-1.22.1-win32-x64\jre\17.0.8.1-win32-x86_64\bin\jli.dll
0x00007ff8b8ce0000 - 0x00007ff8b8e7e000 	C:\WINDOWS\System32\USER32.dll
0x00007ff8b7c50000 - 0x00007ff8b7c72000 	C:\WINDOWS\System32\win32u.dll
0x00007ff8b9a80000 - 0x00007ff8b9aac000 	C:\WINDOWS\System32\GDI32.dll
0x00007ff8b8410000 - 0x00007ff8b852a000 	C:\WINDOWS\System32\gdi32full.dll
0x00007ff8b8530000 - 0x00007ff8b85cd000 	C:\WINDOWS\System32\msvcp_win.dll
0x00007ff8a0e30000 - 0x00007ff8a0e49000 	c:\Users\delic\.vscode\extensions\redhat.java-1.22.1-win32-x64\jre\17.0.8.1-win32-x86_64\bin\VCRUNTIME140.dll
0x00007ff8a3aa0000 - 0x00007ff8a3d3a000 	C:\WINDOWS\WinSxS\amd64_microsoft.windows.common-controls_6595b64144ccf1df_6.0.19041.1110_none_60b5254171f9507e\COMCTL32.dll
0x00007ff8b8780000 - 0x00007ff8b881e000 	C:\WINDOWS\System32\msvcrt.dll
0x00007ff8b9ab0000 - 0x00007ff8b9ae0000 	C:\WINDOWS\System32\IMM32.DLL
0x00007ff893280000 - 0x00007ff893399000 	C:\Program Files\Topaz OFD\Warsaw\wslbscr64.dll
0x00007ff8ba480000 - 0x00007ff8ba52e000 	C:\WINDOWS\System32\ADVAPI32.dll
0x00007ff8b86e0000 - 0x00007ff8b877c000 	C:\WINDOWS\System32\sechost.dll
0x00007ff8b8830000 - 0x00007ff8b8956000 	C:\WINDOWS\System32\RPCRT4.dll
0x00007ff8b9ae0000 - 0x00007ff8ba225000 	C:\WINDOWS\System32\SHELL32.dll
0x00007ff8b6d70000 - 0x00007ff8b6da3000 	C:\WINDOWS\SYSTEM32\ntmarta.dll
0x00007ff891fc0000 - 0x00007ff8920b4000 	C:\Program Files\Topaz OFD\Warsaw\wslbscrwh64.dll
0x00007ff8af7f0000 - 0x00007ff8af7fc000 	c:\Users\delic\.vscode\extensions\redhat.java-1.22.1-win32-x64\jre\17.0.8.1-win32-x86_64\bin\vcruntime140_1.dll
0x00007ff88e0c0000 - 0x00007ff88e151000 	c:\Users\delic\.vscode\extensions\redhat.java-1.22.1-win32-x64\jre\17.0.8.1-win32-x86_64\bin\msvcp140.dll
0x00007ff857f40000 - 0x00007ff858b8c000 	c:\Users\delic\.vscode\extensions\redhat.java-1.22.1-win32-x64\jre\17.0.8.1-win32-x86_64\bin\server\jvm.dll
0x00007ff8b7b30000 - 0x00007ff8b7b7b000 	C:\WINDOWS\SYSTEM32\POWRPROF.dll
0x00007ff8b26c0000 - 0x00007ff8b26c9000 	C:\WINDOWS\SYSTEM32\WSOCK32.dll
0x00007ff8b8960000 - 0x00007ff8b89cb000 	C:\WINDOWS\System32\WS2_32.dll
0x00007ff8ab940000 - 0x00007ff8ab967000 	C:\WINDOWS\SYSTEM32\WINMM.dll
0x00007ff8afcd0000 - 0x00007ff8afcda000 	C:\WINDOWS\SYSTEM32\VERSION.dll
0x00007ff8b7ad0000 - 0x00007ff8b7ae2000 	C:\WINDOWS\SYSTEM32\UMPDC.dll
0x00007ff8b64c0000 - 0x00007ff8b64d2000 	C:\WINDOWS\SYSTEM32\kernel.appcore.dll
0x00007ff8ae6b0000 - 0x00007ff8ae6ba000 	c:\Users\delic\.vscode\extensions\redhat.java-1.22.1-win32-x64\jre\17.0.8.1-win32-x86_64\bin\jimage.dll
0x00007ff8b5ab0000 - 0x00007ff8b5c94000 	C:\WINDOWS\SYSTEM32\DBGHELP.DLL
0x00007ff8ae340000 - 0x00007ff8ae374000 	C:\WINDOWS\SYSTEM32\dbgcore.DLL
0x00007ff8b7df0000 - 0x00007ff8b7e72000 	C:\WINDOWS\System32\bcryptPrimitives.dll
0x00007ff8ad270000 - 0x00007ff8ad27e000 	c:\Users\delic\.vscode\extensions\redhat.java-1.22.1-win32-x64\jre\17.0.8.1-win32-x86_64\bin\instrument.dll
0x00007ff899ec0000 - 0x00007ff899ee5000 	c:\Users\delic\.vscode\extensions\redhat.java-1.22.1-win32-x64\jre\17.0.8.1-win32-x86_64\bin\java.dll
0x00007ff898dc0000 - 0x00007ff898dd8000 	c:\Users\delic\.vscode\extensions\redhat.java-1.22.1-win32-x64\jre\17.0.8.1-win32-x86_64\bin\zip.dll
0x00007ff8b5cc0000 - 0x00007ff8b645b000 	C:\WINDOWS\SYSTEM32\windows.storage.dll
0x00007ff8b9480000 - 0x00007ff8b97d4000 	C:\WINDOWS\System32\combase.dll
0x00007ff8b75c0000 - 0x00007ff8b75ee000 	C:\WINDOWS\SYSTEM32\Wldp.dll
0x00007ff8b85d0000 - 0x00007ff8b867d000 	C:\WINDOWS\System32\SHCORE.dll
0x00007ff8b93a0000 - 0x00007ff8b93f5000 	C:\WINDOWS\System32\shlwapi.dll
0x00007ff8b7b80000 - 0x00007ff8b7ba5000 	C:\WINDOWS\SYSTEM32\profapi.dll
0x00007ff898cc0000 - 0x00007ff898cd9000 	C:\Users\delic\.vscode\extensions\redhat.java-1.22.1-win32-x64\jre\17.0.8.1-win32-x86_64\bin\net.dll
0x00007ff8b0dd0000 - 0x00007ff8b0eda000 	C:\WINDOWS\SYSTEM32\WINHTTP.dll
0x00007ff8b7320000 - 0x00007ff8b738a000 	C:\WINDOWS\system32\mswsock.dll
0x00007ff898c60000 - 0x00007ff898c75000 	C:\Users\delic\.vscode\extensions\redhat.java-1.22.1-win32-x64\jre\17.0.8.1-win32-x86_64\bin\nio.dll
0x00007ff8ad250000 - 0x00007ff8ad260000 	c:\Users\delic\.vscode\extensions\redhat.java-1.22.1-win32-x64\jre\17.0.8.1-win32-x86_64\bin\verify.dll

dbghelp: loaded successfully - version: 4.0.5 - missing functions: none
symbol engine: initialized successfully - sym options: 0x614 - pdb path: .;c:\Users\delic\.vscode\extensions\redhat.java-1.22.1-win32-x64\jre\17.0.8.1-win32-x86_64\bin;C:\WINDOWS\SYSTEM32;C:\WINDOWS\WinSxS\amd64_microsoft.windows.common-controls_6595b64144ccf1df_6.0.19041.1110_none_60b5254171f9507e;C:\Program Files\Topaz OFD\Warsaw;c:\Users\delic\.vscode\extensions\redhat.java-1.22.1-win32-x64\jre\17.0.8.1-win32-x86_64\bin\server

VM Arguments:
jvm_args: --add-modules=ALL-SYSTEM --add-opens=java.base/java.util=ALL-UNNAMED --add-opens=java.base/java.lang=ALL-UNNAMED --add-opens=java.base/sun.nio.fs=ALL-UNNAMED -Declipse.application=org.eclipse.jdt.ls.core.id1 -Dosgi.bundles.defaultStartLevel=4 -Declipse.product=org.eclipse.jdt.ls.core.product -Djava.import.generatesMetadataFilesAtProjectRoot=false -Dfile.encoding=utf8 -XX:+UseParallelGC -XX:GCTimeRatio=4 -XX:AdaptiveSizePolicyWeight=90 -Dsun.zip.disableMemoryMapping=true -Xmx1G -Xms100m -Xlog:disable -javaagent:c:\Users\delic\.vscode\extensions\redhat.java-1.22.1-win32-x64\lombok\lombok-1.18.28.jar -XX:+HeapDumpOnOutOfMemoryError -XX:HeapDumpPath=c:\Users\delic\AppData\Roaming\Code\User\workspaceStorage\736c57933201ec24a5fd78fbe8f4d4ee\redhat.java -Daether.dependencyCollector.impl=bf 
java_command: c:\Users\delic\.vscode\extensions\redhat.java-1.22.1-win32-x64\server\plugins\org.eclipse.equinox.launcher_1.6.500.v20230717-2134.jar -configuration c:\Users\delic\AppData\Roaming\Code\User\globalStorage\redhat.java\1.22.1\config_win -data c:\Users\delic\AppData\Roaming\Code\User\workspaceStorage\736c57933201ec24a5fd78fbe8f4d4ee\redhat.java\jdt_ws
java_class_path (initial): c:\Users\delic\.vscode\extensions\redhat.java-1.22.1-win32-x64\server\plugins\org.eclipse.equinox.launcher_1.6.500.v20230717-2134.jar
Launcher Type: SUN_STANDARD

[Global flags]
    uintx AdaptiveSizePolicyWeight                 = 90                                        {product} {command line}
     intx CICompilerCount                          = 3                                         {product} {ergonomic}
    uintx GCTimeRatio                              = 4                                         {product} {command line}
     bool HeapDumpOnOutOfMemoryError               = true                                   {manageable} {command line}
    ccstr HeapDumpPath                             = c:\Users\delic\AppData\Roaming\Code\User\workspaceStorage\736c57933201ec24a5fd78fbe8f4d4ee\redhat.java         {manageable} {command line}
   size_t InitialHeapSize                          = 104857600                                 {product} {command line}
   size_t MaxHeapSize                              = 1073741824                                {product} {command line}
   size_t MaxNewSize                               = 357564416                                 {product} {ergonomic}
   size_t MinHeapDeltaBytes                        = 524288                                    {product} {ergonomic}
   size_t MinHeapSize                              = 104857600                                 {product} {command line}
   size_t NewSize                                  = 34603008                                  {product} {ergonomic}
    uintx NonNMethodCodeHeapSize                   = 5832780                                {pd product} {ergonomic}
    uintx NonProfiledCodeHeapSize                  = 122912730                              {pd product} {ergonomic}
   size_t OldSize                                  = 70254592                                  {product} {ergonomic}
    uintx ProfiledCodeHeapSize                     = 122912730                              {pd product} {ergonomic}
    uintx ReservedCodeCacheSize                    = 251658240                              {pd product} {ergonomic}
     bool SegmentedCodeCache                       = true                                      {product} {ergonomic}
   size_t SoftMaxHeapSize                          = 1073741824                             {manageable} {ergonomic}
     bool UseCompressedClassPointers               = true                           {product lp64_product} {ergonomic}
     bool UseCompressedOops                        = true                           {product lp64_product} {ergonomic}
     bool UseLargePagesIndividualAllocation        = false                                  {pd product} {ergonomic}
     bool UseParallelGC                            = true                                      {product} {command line}

Logging:
Log output configuration:
 #0: stdout all=off uptime,level,tags
 #1: stderr all=off uptime,level,tags

Environment Variables:
JAVA_HOME=C:\Program Files\Java\jdk-19
PATH=C:\Users\delic\bin;C:\Program Files\Git\mingw64\bin;C:\Program Files\Git\usr\local\bin;C:\Program Files\Git\usr\bin;C:\Program Files\Git\usr\bin;C:\Program Files\Git\mingw64\bin;C:\Program Files\Git\usr\bin;C:\Users\delic\bin;C:\Program Files\Common Files\Oracle\Java\javapath;C:\Windows\system32;C:\Windows;C:\Windows\System32\Wbem;C:\Windows\System32\WindowsPowerShell\v1.0;C:\WINDOWS\system32;C:\WINDOWS;C:\WINDOWS\System32\Wbem;C:\WINDOWS\System32\WindowsPowerShell\v1.0;C:\WINDOWS\System32\OpenSSH;C:\Program Files\Microsoft VS Code\bin;C:\Program Files (x86)\NVIDIA Corporation\PhysX\Common;C:\Program Files\NVIDIA Corporation\NVIDIA NvDLISR;C:\ProgramData\UNIVALI\Portugol Studio;C:\Program Files\MySQL\MySQL Shell 8.0\bin;C:\Users\delic\AppData\Local\Microsoft\WindowsApps;C:\Users\delic\AppData\Local\JpegminiPro3;C:\maven\apache-maven-3.9.4\bin;C:\Program Files\Java\jdk-19\bin;C:\Program Files\Git\usr\bin\vendor_perl;C:\Program Files\Git\usr\bin\core_perl
USERNAME=delic
SHELL=C:\Program Files\Git\usr\bin\bash.exe
DISPLAY=needs-to-be-defined
LANG=pt_BR.UTF-8
TERM=xterm-256color
TMPDIR=C:\Users\delic\AppData\Local\Temp
OS=Windows_NT
PROCESSOR_IDENTIFIER=Intel64 Family 6 Model 142 Stepping 9, GenuineIntel
TMP=C:\Users\delic\AppData\Local\Temp
TEMP=C:\Users\delic\AppData\Local\Temp



---------------  S Y S T E M  ---------------

OS:
 Windows 10 , 64 bit Build 19041 (10.0.19041.3393)
OS uptime: 2 days 9:30 hours

CPU: total 4 (initial active 4) (2 cores per cpu, 2 threads per core) family 6 model 142 stepping 9 microcode 0xd6, cx8, cmov, fxsr, ht, mmx, 3dnowpref, sse, sse2, sse3, ssse3, sse4.1, sse4.2, popcnt, lzcnt, tsc, tscinvbit, avx, avx2, aes, erms, clmul, bmi1, bmi2, adx, fma, vzeroupper, clflush, clflushopt
Processor Information for all 4 processors :
  Max Mhz: 2712, Current Mhz: 2511, Mhz Limit: 2495

Memory: 4k page, system-wide physical 8066M (1297M free)
TotalPageFile size 32642M (AvailPageFile size 13M)
current process WorkingSet (physical memory assigned to process): 63M, peak: 63M
current process commit charge ("private bytes"): 186M, peak: 187M

vm_info: OpenJDK 64-Bit Server VM (17.0.8.1+1) for windows-amd64 JRE (17.0.8.1+1), built on Aug 23 2023 15:29:17 by "admin" with MS VC++ 16.7 (VS2019)

END.
